<?xml version="1.0" encoding="UTF-8"?>
<!-- Generated by org.testng.reporters.JUnitReportReporter -->
<testsuite hostname="DESKTOP-JJ6KE7B" failures="0" tests="1" name="Test.TestNg_Demo" time="6.676" errors="0" timestamp="2021-01-10T12:26:04 CST" skipped="0">
  <testcase classname="Test.TestNg_Demo" name="googlesearch" time="6.676"/>
  <system-out/>
</testsuite> <!-- Test.TestNg_Demo -->
