<?xml version="1.0" encoding="UTF-8"?>
<!-- Generated by org.testng.reporters.JUnitReportReporter -->
<testsuite hostname="DESKTOP-JJ6KE7B" failures="0" tests="2" name="utils.ExcelDataProvider" time="9.950" errors="0" timestamp="2021-01-10T17:59:39 CST" skipped="0">
  <testcase classname="utils.ExcelDataProvider" name="test1" time="2.857"/>
  <system-out/>
  <testcase classname="utils.ExcelDataProvider" name="test1" time="7.093"/>
  <system-out/>
</testsuite> <!-- utils.ExcelDataProvider -->
