<?xml version="1.0" encoding="UTF-8"?>
<!-- Generated by org.testng.reporters.JUnitReportReporter -->
<testsuite hostname="DESKTOP-JJ6KE7B" failures="0" tests="3" name="listeners.TestNGListenerDemo" time="0.027" errors="0" timestamp="2021-01-11T17:58:57 CST" skipped="0">
  <testcase classname="listeners.TestNGListenerDemo" name="test3" time="0.005"/>
  <system-out/>
  <testcase classname="listeners.TestNGListenerDemo" name="test1" time="0.015"/>
  <system-out/>
  <testcase classname="listeners.TestNGListenerDemo" name="test2" time="0.007"/>
  <system-out/>
</testsuite> <!-- listeners.TestNGListenerDemo -->
