<?xml version="1.0" encoding="UTF-8"?>
<!-- Generated by org.testng.reporters.JUnitReportReporter -->
<testsuite hostname="DESKTOP-JJ6KE7B" failures="0" tests="3" name="demo.TestNgIgnoreDemo" time="0.018" errors="0" timestamp="2021-01-13T22:09:43 CST" skipped="1">
  <testcase classname="demo.TestNgIgnoreDemo" name="test2" time="0.013"/>
  <system-out/>
  <testcase classname="demo.TestNgIgnoreDemo" name="test3" time="0.005"/>
  <system-out/>
  <testcase classname="demo.TestNgIgnoreDemo" name="test1">
    <skipped/>
  </testcase> <!-- test1 -->
  <system-out/>
</testsuite> <!-- demo.TestNgIgnoreDemo -->
