<?xml version="1.0" encoding="UTF-8"?>
<!-- Generated by org.testng.reporters.JUnitReportReporter -->
<testsuite hostname="DESKTOP-JJ6KE7B" failures="0" tests="3" name="demo.TestNgDependenciesDemo" time="0.024" errors="0" timestamp="2021-01-13T21:33:37 CST" skipped="0">
  <testcase classname="demo.TestNgDependenciesDemo" name="test3" time="0.003"/>
  <system-out/>
  <testcase classname="demo.TestNgDependenciesDemo" name="test2" time="0.014"/>
  <system-out/>
  <testcase classname="demo.TestNgDependenciesDemo" name="test1" time="0.007"/>
  <system-out/>
</testsuite> <!-- demo.TestNgDependenciesDemo -->
