<?xml version="1.0" encoding="UTF-8"?>
<!-- Generated by org.testng.reporters.JUnitReportReporter -->
<testsuite hostname="DESKTOP-JJ6KE7B" failures="0" tests="1" name="demo.TestNGParametersDemo" time="0.014" errors="0" timestamp="2021-01-13T17:55:18 CST" skipped="0">
  <testcase classname="demo.TestNGParametersDemo" name="test" time="0.014"/>
  <system-out/>
</testsuite> <!-- demo.TestNGParametersDemo -->
