<?xml version="1.0" encoding="UTF-8"?>
<!-- Generated by org.testng.reporters.JUnitReportReporter -->
<testsuite hostname="DESKTOP-JJ6KE7B" failures="0" tests="4" name="demo.TestNGGroupsDemo" time="0.026" errors="0" timestamp="2021-01-13T21:29:07 CST" skipped="0">
  <testcase classname="demo.TestNGGroupsDemo" name="Test1" time="0.014"/>
  <system-out/>
  <testcase classname="demo.TestNGGroupsDemo" name="Test3" time="0.006"/>
  <system-out/>
  <testcase classname="demo.TestNGGroupsDemo" name="Test2" time="0.003"/>
  <system-out/>
  <testcase classname="demo.TestNGGroupsDemo" name="Test4" time="0.003"/>
  <system-out/>
</testsuite> <!-- demo.TestNGGroupsDemo -->
