<?xml version="1.0" encoding="UTF-8"?>
<!-- Generated by org.testng.reporters.JUnitReportReporter -->
<testsuite hostname="DESKTOP-JJ6KE7B" failures="0" tests="3" name="demo.TestNGpriorityDemo" time="0.023" errors="0" timestamp="2021-01-12T07:08:33 CST" skipped="0">
  <testcase classname="demo.TestNGpriorityDemo" name="two" time="0.007"/>
  <system-out/>
  <testcase classname="demo.TestNGpriorityDemo" name="three" time="0.002"/>
  <system-out/>
  <testcase classname="demo.TestNGpriorityDemo" name="one" time="0.014"/>
  <system-out/>
</testsuite> <!-- demo.TestNGpriorityDemo -->
